11:00:16.293 INFO [1] org.openqa.grid.selenium.GridLauncher - Launching a standalone Selenium Server
11:00:16.333 INFO [1] org.openqa.selenium.server.SeleniumServer - Writing debug logs to /home/travis/build/acquia-pso/tateandlyle/reports/selenium2.log
11:00:16.334 INFO [1] org.openqa.selenium.server.SeleniumServer - Java: Oracle Corporation 25.111-b14
11:00:16.334 INFO [1] org.openqa.selenium.server.SeleniumServer - OS: Linux 4.4.0-51-generic amd64
11:00:16.363 INFO [1] org.openqa.selenium.server.SeleniumServer - v2.53.1, with Core v2.53.1. Built from revision a36b8b1
11:00:16.447 INFO [1] org.openqa.selenium.remote.server.DefaultDriverSessions - Driver provider org.openqa.selenium.ie.InternetExplorerDriver registration is skipped:
registration capabilities Capabilities [{ensureCleanSession=true, browserName=internet explorer, version=, platform=WINDOWS}] does not match the current platform LINUX
11:00:16.448 INFO [1] org.openqa.selenium.remote.server.DefaultDriverSessions - Driver provider org.openqa.selenium.edge.EdgeDriver registration is skipped:
registration capabilities Capabilities [{browserName=MicrosoftEdge, version=, platform=WINDOWS}] does not match the current platform LINUX
11:00:16.448 INFO [1] org.openqa.selenium.remote.server.DefaultDriverProvider - Driver class not found: com.opera.core.systems.OperaDriver
11:00:16.448 INFO [1] org.openqa.selenium.remote.server.DefaultDriverFactory - Driver provider com.opera.core.systems.OperaDriver is not registered
11:00:16.449 INFO [1] org.openqa.selenium.remote.server.DefaultDriverSessions - Driver provider org.openqa.selenium.safari.SafariDriver registration is skipped:
registration capabilities Capabilities [{browserName=safari, version=, platform=MAC}] does not match the current platform LINUX
11:00:16.450 INFO [1] org.openqa.selenium.remote.server.DefaultDriverProvider - Driver class not found: org.openqa.selenium.htmlunit.HtmlUnitDriver
11:00:16.450 INFO [1] org.openqa.selenium.remote.server.DefaultDriverFactory - Driver provider org.openqa.selenium.htmlunit.HtmlUnitDriver is not registered
11:00:16.547 INFO [1] org.openqa.selenium.server.SeleniumServer - RemoteWebDriver instances should connect to: http://127.0.0.1:4444/wd/hub
11:00:16.547 INFO [1] org.openqa.grid.selenium.GridLauncher - Selenium Server is up and running
11:00:17.626 INFO [14] org.openqa.selenium.remote.server.DriverServlet - Executing: [new session: Capabilities [{build=317, browser=firefox, tunnel-identifier=317.1, name=Behat feature suite, browserName=chrome, ignoreZoomSetting=false, tags=[Travis-CI, PHP 7.0.14]}]])
11:00:17.650 INFO [20] org.openqa.selenium.remote.server.DefaultDriverProvider - Creating a new session for Capabilities [{build=317, browser=firefox, tunnel-identifier=317.1, name=Behat feature suite, browserName=chrome, ignoreZoomSetting=false, tags=[Travis-CI, PHP 7.0.14]}]
11:00:19.696 INFO [14] org.openqa.selenium.remote.server.DriverServlet - Done: [new session: Capabilities [{build=317, browser=firefox, tunnel-identifier=317.1, name=Behat feature suite, browserName=chrome, ignoreZoomSetting=false, tags=[Travis-CI, PHP 7.0.14]}]]
11:00:19.701 INFO [14] org.openqa.selenium.remote.server.DriverServlet - Executing: [get: http://127.0.0.1:8888/])
11:00:20.320 INFO [14] org.openqa.selenium.remote.server.DriverServlet - Done: [get: http://127.0.0.1:8888/]
11:00:20.328 INFO [13] org.openqa.selenium.remote.server.DriverServlet - Executing: [find element: By.xpath: //html])
11:00:20.364 INFO [13] org.openqa.selenium.remote.server.DriverServlet - Done: [find element: By.xpath: //html]
11:00:20.368 INFO [14] org.openqa.selenium.remote.server.DriverServlet - Executing: [get text: 0 [[ChromeDriver: chrome on LINUX (64f567d9250dbab9f6e13ed7e63d32d5)] -> xpath: //html]])
11:00:20.411 INFO [14] org.openqa.selenium.remote.server.DriverServlet - Done: [get text: 0 [[ChromeDriver: chrome on LINUX (64f567d9250dbab9f6e13ed7e63d32d5)] -> xpath: //html]]
11:00:20.421 INFO [14] org.openqa.selenium.remote.server.DriverServlet - Executing: [delete all cookies])
11:00:20.448 INFO [14] org.openqa.selenium.remote.server.DriverServlet - Done: [delete all cookies]
11:00:20.474 INFO [14] org.openqa.selenium.remote.server.DriverServlet - Executing: [delete session: 62bf84c6-0942-4962-92b3-c1407c9b7a74])
11:00:20.549 INFO [14] org.openqa.selenium.remote.server.DriverServlet - Done: [delete session: 62bf84c6-0942-4962-92b3-c1407c9b7a74]
11:00:20.895 INFO [15] org.openqa.selenium.server.SeleniumServer - Shutting down...
